app/build/intermediates/manifest_merge_blame_file/debug/manifest-merger-blame-debug-report.txt
1<?xml version="1.0" encoding="utf-8"?>
2<manifest xmlns:android="http://schemas.android.com/apk/res/android"
3    package="com.example.tapwithit"
4    android:versionCode="1"
5    android:versionName="1.0" >
6
7    <uses-sdk
8        android:minSdkVersion="24"
8-->src\main\AndroidManifest.xml
9        android:targetSdkVersion="29" />
9-->src\main\AndroidManifest.xml
10
11    <uses-permission android:name="android.permission.INTERNET" />
11-->src\main\AndroidManifest.xml:6:5-66
11-->src\main\AndroidManifest.xml:6:22-64
12
13    <application
13-->src\main\AndroidManifest.xml:8:5-35:19
14        android:allowBackup="true"
14-->src\main\AndroidManifest.xml:9:9-35
15        android:appComponentFactory="androidx.core.app.CoreComponentFactory"
15-->[androidx.core:core:1.1.0] AndroidManifest.xml:24:18-86
16        android:debuggable="true"
17        android:icon="@mipmap/app_icon"
17-->src\main\AndroidManifest.xml:10:9-40
18        android:label="@string/app_name"
18-->src\main\AndroidManifest.xml:11:9-41
19        android:roundIcon="@mipmap/ic_launcher_round"
19-->src\main\AndroidManifest.xml:12:9-54
20        android:supportsRtl="true"
20-->src\main\AndroidManifest.xml:13:9-35
21        android:testOnly="true"
22        android:theme="@style/AppTheme" >
22-->src\main\AndroidManifest.xml:14:9-40
23        <activity
23-->src\main\AndroidManifest.xml:15:9-105
24            android:name="com.example.tapwithit.View.RegisterActivity"
24-->src\main\AndroidManifest.xml:15:56-93
25            android:screenOrientation="portrait" />
25-->src\main\AndroidManifest.xml:15:19-55
26        <activity
26-->src\main\AndroidManifest.xml:16:9-98
27            android:name="com.example.tapwithit.View.ScoreBoardActivity"
27-->src\main\AndroidManifest.xml:16:56-95
28            android:screenOrientation="portrait" />
28-->src\main\AndroidManifest.xml:16:19-55
29        <activity
29-->src\main\AndroidManifest.xml:17:9-95
30            android:name="com.example.tapwithit.View.PregameActivity"
30-->src\main\AndroidManifest.xml:17:56-92
31            android:screenOrientation="portrait" />
31-->src\main\AndroidManifest.xml:17:19-55
32        <activity
32-->src\main\AndroidManifest.xml:18:9-21:47
33            android:name="com.example.tapwithit.View.ClickerGameActivity"
33-->src\main\AndroidManifest.xml:20:13-53
34            android:screenOrientation="portrait"
34-->src\main\AndroidManifest.xml:19:13-49
35            android:theme="@style/AppTheme" />
35-->src\main\AndroidManifest.xml:21:13-44
36        <activity
36-->src\main\AndroidManifest.xml:22:9-96
37            android:name="com.example.tapwithit.View.GameMenuActivity"
37-->src\main\AndroidManifest.xml:22:56-93
38            android:screenOrientation="portrait" />
38-->src\main\AndroidManifest.xml:22:19-55
39        <activity
39-->src\main\AndroidManifest.xml:23:9-101
40            android:name="com.example.tapwithit.View.LoginRegisterActivity"
40-->src\main\AndroidManifest.xml:23:56-98
41            android:screenOrientation="portrait" />
41-->src\main\AndroidManifest.xml:23:19-55
42        <activity
42-->src\main\AndroidManifest.xml:24:9-30:20
43            android:name="com.example.tapwithit.View.MainActivity"
43-->src\main\AndroidManifest.xml:24:56-89
44            android:screenOrientation="portrait" >
44-->src\main\AndroidManifest.xml:24:19-55
45            <intent-filter>
45-->src\main\AndroidManifest.xml:25:13-29:29
46                <action android:name="android.intent.action.MAIN" />
46-->src\main\AndroidManifest.xml:26:17-69
46-->src\main\AndroidManifest.xml:26:25-66
47
48                <category android:name="android.intent.category.LAUNCHER" />
48-->src\main\AndroidManifest.xml:28:17-77
48-->src\main\AndroidManifest.xml:28:27-74
49            </intent-filter>
50        </activity>
51
52        <meta-data
52-->src\main\AndroidManifest.xml:32:9-34:57
53            android:name="preloaded_fonts"
53-->src\main\AndroidManifest.xml:33:13-43
54            android:resource="@array/preloaded_fonts" />
54-->src\main\AndroidManifest.xml:34:13-54
55
56        <service
56-->[androidx.room:room-runtime:2.2.2] AndroidManifest.xml:25:9-27:40
57            android:name="androidx.room.MultiInstanceInvalidationService"
57-->[androidx.room:room-runtime:2.2.2] AndroidManifest.xml:26:13-74
58            android:exported="false" />
58-->[androidx.room:room-runtime:2.2.2] AndroidManifest.xml:27:13-37
59
60        <activity
60-->[com.google.android.gms:play-services-auth:17.0.0] AndroidManifest.xml:23:9-27:75
61            android:name="com.google.android.gms.auth.api.signin.internal.SignInHubActivity"
61-->[com.google.android.gms:play-services-auth:17.0.0] AndroidManifest.xml:24:13-93
62            android:excludeFromRecents="true"
62-->[com.google.android.gms:play-services-auth:17.0.0] AndroidManifest.xml:25:13-46
63            android:exported="false"
63-->[com.google.android.gms:play-services-auth:17.0.0] AndroidManifest.xml:26:13-37
64            android:theme="@android:style/Theme.Translucent.NoTitleBar" />
64-->[com.google.android.gms:play-services-auth:17.0.0] AndroidManifest.xml:27:13-72
65        <!--
66            Service handling Google Sign-In user revocation. For apps that do not integrate with
67            Google Sign-In, this service will never be started.
68        -->
69        <service
69-->[com.google.android.gms:play-services-auth:17.0.0] AndroidManifest.xml:33:9-36:110
70            android:name="com.google.android.gms.auth.api.signin.RevocationBoundService"
70-->[com.google.android.gms:play-services-auth:17.0.0] AndroidManifest.xml:34:13-89
71            android:exported="true"
71-->[com.google.android.gms:play-services-auth:17.0.0] AndroidManifest.xml:35:13-36
72            android:permission="com.google.android.gms.auth.api.signin.permission.REVOCATION_NOTIFICATION" />
72-->[com.google.android.gms:play-services-auth:17.0.0] AndroidManifest.xml:36:13-107
73
74        <activity
74-->[com.google.android.gms:play-services-base:17.0.0] AndroidManifest.xml:23:9-26:75
75            android:name="com.google.android.gms.common.api.GoogleApiActivity"
75-->[com.google.android.gms:play-services-base:17.0.0] AndroidManifest.xml:24:13-79
76            android:exported="false"
76-->[com.google.android.gms:play-services-base:17.0.0] AndroidManifest.xml:25:13-37
77            android:theme="@android:style/Theme.Translucent.NoTitleBar" />
77-->[com.google.android.gms:play-services-base:17.0.0] AndroidManifest.xml:26:13-72
78
79        <meta-data
79-->[com.google.android.gms:play-services-basement:17.0.0] AndroidManifest.xml:23:9-25:69
80            android:name="com.google.android.gms.version"
80-->[com.google.android.gms:play-services-basement:17.0.0] AndroidManifest.xml:24:13-58
81            android:value="@integer/google_play_services_version" />
81-->[com.google.android.gms:play-services-basement:17.0.0] AndroidManifest.xml:25:13-66
82
83        <provider
83-->[androidx.lifecycle:lifecycle-process:2.1.0] AndroidManifest.xml:23:9-27:43
84            android:name="androidx.lifecycle.ProcessLifecycleOwnerInitializer"
84-->[androidx.lifecycle:lifecycle-process:2.1.0] AndroidManifest.xml:24:13-79
85            android:authorities="com.example.tapwithit.lifecycle-process"
85-->[androidx.lifecycle:lifecycle-process:2.1.0] AndroidManifest.xml:25:13-69
86            android:exported="false"
86-->[androidx.lifecycle:lifecycle-process:2.1.0] AndroidManifest.xml:26:13-37
87            android:multiprocess="true" />
87-->[androidx.lifecycle:lifecycle-process:2.1.0] AndroidManifest.xml:27:13-40
88    </application>
89
90</manifest>